<?xml version="1.0" encoding="UTF-8"?>
<!-- Generated by org.testng.reporters.JUnitReportReporter -->
<testsuite hostname="Sasikumar" failures="0" tests="11" name="cucumberOptions.SerachVegetableRunner" time="0.696" errors="1" timestamp="2023-10-06T15:54:02 IST" skipped="0">
  <testcase classname="cucumberOptions.SerachVegetableRunner" name="runScenario" time="0.143"/>
  <testcase classname="cucumberOptions.SerachVegetableRunner" name="runScenario" time="0.015"/>
  <testcase classname="cucumberOptions.SerachVegetableRunner" name="runScenario" time="0.007"/>
  <testcase classname="cucumberOptions.SerachVegetableRunner" name="runScenario" time="0.007"/>
  <testcase classname="cucumberOptions.SerachVegetableRunner" name="runScenario" time="0.009"/>
  <testcase classname="cucumberOptions.SerachVegetableRunner" name="runScenario" time="0.007"/>
  <testcase classname="cucumberOptions.SerachVegetableRunner" name="runScenario" time="0.008"/>
  <testcase classname="cucumberOptions.SerachVegetableRunner" name="runScenario" time="0.480">
    <error message="Cannot invoke &quot;org.openqa.selenium.WebDriver.get(String)&quot; because &quot;this.driver&quot; is null" type="java.lang.NullPointerException">
      <![CDATA[java.lang.NullPointerException: Cannot invoke "org.openqa.selenium.WebDriver.get(String)" because "this.driver" is null
at stepDefinitions.VegetableStepDefinitions.user_lands_in_the_home_page(VegetableStepDefinitions.java:26)
at âœ½.User lands in the HomePage(file:///C:/Users/kakar/git/repository26/JavaCucumber/src/test/java/features/searchVegetable.feature:5)
]]>
    </error>
  </testcase> <!-- runScenario -->
  <testcase classname="cucumberOptions.SerachVegetableRunner" name="runScenario" time="0.008"/>
  <testcase classname="cucumberOptions.SerachVegetableRunner" name="runScenario" time="0.005"/>
  <testcase classname="cucumberOptions.SerachVegetableRunner" name="runScenario" time="0.007"/>
</testsuite> <!-- cucumberOptions.SerachVegetableRunner -->
